Arguments: 
  D:\node.exe C:\Users\w\AppData\Roaming\npm\node_modules\yarn\bin\yarn.js

PATH: 
  C:\Program Files (x86)\Common Files\Oracle\Java\javapath;D:\;C:\Windows\system32;C:\Windows;C:\Windows\System32\Wbem;C:\Windows\System32\WindowsPowerShell\v1.0\;C:\Windows\System32\OpenSSH\;D:\JDK8\bin;D:\JDK8\jre\bin;D:\SVN\bin;D:\mysql\mysql-5.6.25-winx64\bin;D:\Hearken_ee\servers\jboss-4.2.2.GA\bin;D:\Git\cmd;E:\Desktop\hello word\java\apache-maven-3.8.1-bin\apache-maven-3.8.1\bin;C:\Users\w\.conda\envs\python\Scripts;F:\Git\cmd;C:\Program Files (x86)\Git\cmd;E:\Desktop\helloWord\毕业设计\neo4j\neo4j-community-3.5.30\bin;C:\Users\w\anaconda3;C:\Users\w\anaconda3\Library\mingw-w64\bin;C:\Users\w\anaconda3\Library\usr\bin;C:\Users\w\anaconda3\Library\bin;C:\Users\w\anaconda3\Scripts;C:\Users\w\AppData\Local\Programs\Python\Python37\Scripts\;C:\Users\w\AppData\Local\Programs\Python\Python37\;C:\Users\w\AppData\Local\Microsoft\WindowsApps;D:\pycharm\PyCharm 2020.2\bin;;D:\IntelliJ IDEA 2020.3\bin;;D:\Microsoft VS Code\bin;C:\Users\w\AppData\Local\GitHubDesktop\bin;C:\Users\w\AppData\Roaming\npm

Yarn version: 
  1.22.17

Node version: 
  16.13.0

Platform: 
  win32 x64

Trace: 
  Error: https://registry.yarnpkg.com/@ant-design/icons-svg/-/icons-svg-4.2.1.tgz: ESOCKETTIMEDOUT
      at ClientRequest.<anonymous> (C:\Users\w\AppData\Roaming\npm\node_modules\yarn\lib\cli.js:141510:19)
      at Object.onceWrapper (node:events:509:28)
      at ClientRequest.emit (node:events:390:28)
      at TLSSocket.emitRequestTimeout (node:_http_client:763:9)
      at Object.onceWrapper (node:events:509:28)
      at TLSSocket.emit (node:events:402:35)
      at TLSSocket.Socket._onTimeout (node:net:501:8)
      at listOnTimeout (node:internal/timers:557:17)
      at processTimers (node:internal/timers:500:7)

npm manifest: 
  {
    "name": "hearken.ui.reactv2",
    "version": "1.0.0",
    "description": "",
    "main": "index.js",
    "scripts": {
      "start": "webpack-dev-server --inline --hot --config webpack.config-test.js",
      "test": "echo \"Error: no test specified\" && exit 1",
      "build": "webpack --config webpack.config.js"
    },
    "author": "",
    "license": "ISC",
    "dependencies": {
      "@ant-design/compatible": "^1.0.8",
      "@ant-design/icons": "^4.5.0",
      "@antv/g6": "^4.3.11",
      "@antv/x6": "^1.28.1",
      "@babel/core": "^7.12.10",
      "@babel/preset-env": "^7.12.11",
      "@babel/preset-react": "^7.12.10",
      "add": "^2.0.6",
      "antd": "^4.11.2",
      "babel-loader": "^8.2.2",
      "braft-editor": "^2.3.9",
      "classnames": "^2.2.6",
      "create-react-class": "^15.7.0",
      "css-loader": "^3.4.2",
      "extract-text-webpack-plugin": "^4.0.0-beta.0",
      "file-loader": "^6.2.0",
      "insert-css": "^2.0.0",
      "json-loader": "^0.5.7",
      "less": "^4.1.0",
      "less-loader": "^7.3.0",
      "prop-types": "^15.7.2",
      "react": "^17.0.1",
      "react-dnd": "^14.0.4",
      "react-dnd-html5-backend": "^14.0.2",
      "react-dom": "^17.0.1",
      "react-resizable": "^1.11.0",
      "reqwest": "^2.0.5",
      "style-loader": "^2.0.0",
      "uglifyjs-webpack-plugin": "^2.2.0",
      "url-loader": "^4.1.1",
      "webpack": "^4.42.0",
      "webpack-cli": "^3.3.12",
      "webpack-dev-server": "^3.11.2",
      "xlsjs": "^1.0.1",
      "yarn": "^1.22.17"
    },
    "devDependencies": {
      "@babel/plugin-proposal-class-properties": "^7.14.5"
    }
  }

yarn manifest: 
  No manifest

Lockfile: 
  No lockfile
